2 216 298
5 167 209 199 69 169
1 0
1 180
3 116 222 43
4 296 23 145 297
3 168 214 197
2 54 292
4 34 268 191 119
3 108 278 149
2 85 257
2 275 181
3 87 9 211
1 41
3 184 230 68
2 164 206
3 249 31 77
2 99 163
5 212 124 115 59 46
6 110 174 111 90 242 194
5 88 185 3 93 67
2 75 287
1 103
3 80 243 17
2 72 252
5 4 27 235 35 78
6 8 284 258 101 47 135
2 7 5
1 294
2 148 219
1 134
3 162 265 208
6 259 146 291 20 51 104
5 159 82 237 147 238
3 286 71 247
4 246 86 6 229
3 299 157 114
2 203 123
2 24 109
2 133 151
2 210 190
4 62 28 251 272
4 161 204 30 233
5 127 16 196 155 66
5 13 253 48 248 132
3 260 131 182
3 276 192 189
4 136 45 176 274
5 220 128 177 76 270
1 92
2 95 279
2 58 94
2 137 236
7 290 269 25 201 205 280 1
1 227
2 193 121
1 15
3 218 262 153
3 273 97 52
4 150 70 112 152
5 285 122 26 283 143
2 225 2
2 107 81
2 74 266
3 144 89 154
4 56 244 11 12
2 105 289
2 18 84
2 171 130
3 187 83 231
3 263 239 178
2 38 264
1 63
2 125 250
8 156 117 195 223 55 37 173 175
2 261 202
3 60 40 293
5 200 102 50 138 165
3 57 142 228
3 19 295 140
1 198
1 213
2 267 32
2 44 255
4 129 217 271 170
3 79 282 139
2 245 158
3 226 172 288
4 21 106 120 186
4 113 29 254 98
3 224 126 183
3 91 22 240
3 232 160 49
2 166 10
2 96 14
6 188 64 207 141 215 256
3 39 241 61
1 53
5 277 73 42 118 100
1 281
