27 84 4693 1593 1564 4403 8037 8951 5045 2108 9516 2035 7143 7009 3 887 3808 5986 8863 3567 855 4974 4754 324 8451 8707 8251 9354
25 88 6110 7638 9511 8791 7686 4297 9738 6966 4318 6989 3532 4819 137 6495 5992 9533 8199 2563 6318 5098 4402 4510 770 2138
13 187 3236 5049 8795 3370 6357 2171 2366 2439 6463 8488 9061 7673
6 303 1524 6003 1628 8940 3539
17 474 3381 2116 5117 4442 9877 3237 7155 1621 6666 158 9760 7181 182 13 108 3069
19 568 892 8892 6409 3191 8856 6903 9712 4969 3228 5514 6161 2547 1716 2630 4942 6940 3968 2486
8 677 3196 8071 712 5688 5065 2196 7228
17 719 9219 8534 2863 6678 8284 6137 9704 2560 8812 5898 2038 1333 5745 9206 7989 2145
30 1066 6239 2074 5829 7554 4250 1667 7171 4331 6279 4857 1282 2397 9859 1541 2086 3761 7142 129 7018 6027 3545 8709 8754 1360 236 755 4753 4968 7985
16 1178 4772 7394 7807 7626 1154 8242 3331 1853 6429 2091 4500 6005 8891 9467 9850
17 1209 6498 2250 3958 7041 9394 6062 7068 5679 2977 538 2532 6600 2879 6368 6631 6534
18 1315 7455 7666 9832 823 8854 2033 1733 9678 7684 2860 2050 911 8398 3274 58 8613 7751
25 1335 4493 9341 3057 552 7245 1631 2652 5803 2558 979 6674 1875 8662 2796 395 8974 4312 2175 1824 9966 9404 7087 6715 5652
13 1515 3104 9744 3050 2497 830 2212 9529 2727 7084 7980 5669 8080
17 1543 4706 248 9450 7710 2442 2077 2105 5830 9364 2404 6719 7679 7194 9299 6253 6591
17 1560 6041 6566 8099 9687 819 793 4316 7454 798 1744 4271 6992 8012 2136 3488 6676
11 1757 3333 3257 2056 267 2653 2585 141 3760 6441 1003
18 1992 5227 2711 4349 6048 5642 2217 2355 3062 4756 1246 9713 3864 2987 8501 7416 669 4778
32 2135 6139 8146 2934 6856 3036 3414 4035 92 1294 7342 1331 8151 9159 5534 1748 8624 5582 4486 7935 8166 8141 1125 5589 7736 8769 5927 7469 2629 8943 4189 1731
24 2356 1407 7465 617 3513 7344 7387 7941 252 9357 1779 121 8638 2065 4722 7542 21 1819 3595 7095 3926 5331 6354 8279
18 2432 3147 2141 8134 4550 9987 2 2498 78 8958 2204 1933 6564 7233 6010 4142 6084 1086
10 2519 2198 2718 9197 9580 9005 2094 7052 8503 3781
11 2571 9406 9503 6450 8379 6971 6188 3247 584 6610 8000
4 2695 6485 8785 4027
24 2920 2424 5746 3601 2455 9926 32 6648 422 660 531 5375 7162 6380 8486 1458 847 9082 4853 2541 6384 3522 7112 2770
11 2949 4208 2079 9628 5371 1485 198 347 3344 8392 923
15 3156 1170 328 3024 41 3108 9705 5182 5088 3439 3770 8510 7075 8005 3367
19 3253 8207 553 578 8827 9089 9789 2191 676 8003 6219 4210 9312 7031 4956 4931 5644 3922 9013
19 3580 4965 4031 4302 4832 3173 586 3269 3767 5763 1740 5175 2405 7725 5035 8443 6136 5248 2610
30 3629 7357 3199 417 2856 1580 9871 8368 7211 7479 6272 595 643 6593 8780 5632 7564 4236 30 5610 7488 4456 4701 1277 361 9674 8336 4926 1987 6997
8 3696 7763 8605 4418 1060 5731 4729 1191
29 3869 3334 9011 9634 4938 4245 9949 8023 3851 1831 7857 6821 9407 1767 4682 8475 3397 5984 9350 7706 9017 6079 5740 1484 5676 1658 7395 7953 6246
15 4008 7140 6493 4153 8112 6078 7665 1443 9156 2270 7014 2025 9324 1934 7972
13 4078 8024 3989 6186 7837 8062 4528 3306 8356 7530 7202 6019 3780
19 4094 3197 7196 8229 2393 3044 3811 1368 9368 235 5233 7260 801 3736 1533 5568 5671 4600 9999
27 4309 3017 6128 5711 5815 2771 9151 6907 5564 5074 6699 6883 3561 2417 6211 4086 2621 6231 3613 4218 3630 4817 888 5918 2133 5596 4185
5 4377 3739 8664 5879 4796
28 4435 726 6265 9735 7692 9202 9842 4605 3784 7456 8990 6283 4227 4699 3981 396 9028 2958 890 6683 3075 3597 4810 3503 3526 6936 3298 8654
8 4525 7948 4183 6761 8716 9891 7676 790
25 4839 9190 2323 6132 6597 2797 6587 5014 2115 1504 2023 5329 4856 3213 2994 6891 806 9862 6509 5490 2499 548 913 900 4445
12 5018 6377 5639 8676 3004 5257 3943 75 3407 5485 8311 4277
15 5299 6765 4207 7572 1500 3615 8796 3732 9033 2613 8597 5579 6716 2288 8070
33 5335 1372 315 6804 7102 2112 6399 1509 2979 4256 9962 2045 7770 3754 7573 5700 387 8928 4453 4625 6728 2506 5072 149 1116 322 2943 8305 1156 5037 5935 2764 2312
28 5440 8449 3572 839 4107 1111 3270 611 7209 3232 5344 6920 7091 8516 9498 8549 3508 9269 5575 6948 3927 5828 1274 9178 9956 296 8232 1207
25 5868 5572 5500 2642 4109 156 379 1004 3476 1871 8126 1317 3959 4964 3392 5357 3982 7302 6588 4650 7518 411 7559 6032 4662
28 5970 9649 8462 7430 9487 3717 3565 3420 7364 6251 7309 97 8998 3751 9447 5349 4461 748 4222 5149 5346 631 5266 966 3415 1641 9749 2408
11 6002 1994 57 98 8093 9524 2825 2207 1263 7811 1817
18 6031 9038 8326 6513 6785 8673 2950 9435 1769 7388 3662 681 7845 6976 7437 2564 2100 8106
15 6252 852 8661 6378 2051 7672 2150 6511 4146 9551 8619 3837 1128 1473 4424
11 6403 4981 4654 3127 2034 9826 2931 5268 9479 4073 1140
13 6412 9733 9543 8530 7134 8860 2362 1081 1937 2599 8705 5122 6527
18 6466 2296 7210 1651 4990 9134 6784 8782 9963 821 5160 3765 6223 4317 3250 9210 1095 1052
24 6670 853 1346 871 5457 5116 6832 9408 6094 6904 6038 9416 5007 8280 3000 4900 2255 6278 7204 8441 4994 8454 2114 2318
21 6783 9625 6985 102 7816 3418 7633 8373 1539 4892 8446 484 4608 3438 4925 9732 2868 7756 1374 1213 5536
13 7013 4906 4092 3796 6763 7047 4438 8885 3485 4095 3273 2902 7391
22 7109 5201 6839 2319 9006 3039 4330 1337 7507 8811 6187 9331 4322 7107 7201 3801 6028 7044 4180 6959 9025 8674
7 7399 1860 6747 4421 3105 2573 9765
14 7463 8351 9757 6634 977 9251 8776 3523 3519 5325 8333 1825 1837 1377
31 7475 3651 4233 9804 9657 5620 4409 8995 2937 5050 4274 8220 7624 3295 9155 7205 5804 5587 5778 5019 7886 4152 9616 4513 5772 7596 8723 1172 9465 7696 5977
17 7928 2603 419 1201 6305 7759 8529 8259 3775 4966 709 1985 4588 4422 3302 879 4779
16 7956 5307 1271 3425 897 8988 2037 2042 1320 9783 5220 8068 5217 2354 2752 2620
7 7965 3245 7347 4365 5780 8888 5563
32 8175 8425 5990 9282 493 4815 2780 5712 4205 1245 3366 1474 2320 9070 4278 2095 6344 8103 2808 4440 1857 7327 6225 9893 5492 6166 5056 3280 7290 1848 8866 6080
27 8292 3409 5213 2899 3462 3445 1 1685 313 4645 636 4163 9849 8244 5852 7723 3844 2728 6637 7667 6690 1661 3934 6330 7954 4545 9876
30 8310 2963 7546 9640 8681 2787 6729 7191 1169 3098 9062 4696 4356 9809 5298 2373 8289 5532 8692 171 3399 1743 6224 8478 9034 6611 6482 4077 5825 2659
13 8640 4959 6457 7585 2031 2167 9232 2505 5847 6460 3499 6178 2346
14 8773 93 5658 3154 1918 1670 2721 2389 2226 9840 8364 3626 1408 383
27 9313 8557 7891 1944 3584 1791 202 2228 7865 3574 7363 8153 8738 1068 7371 2708 7247 5414 2650 2962 5773 7946 9971 5499 2671 8091 2508
32 9393 4437 3865 730 9631 5892 596 266 2352 9265 2602 1700 8506 1967 7791 9150 6415 5032 4547 7046 8584 7291 4917 3695 4462 3423 5613 221 197 5811 4996 20
23 9707 5214 2566 168 9815 6023 8412 81 5914 232 4805 512 6773 7331 6483 6928 525 4182 9398 2795 1225 9294 5179
12 9913 7383 7153 6174 577 2199 3355 3563 4943 995 5138 5760
31 2465 9046 3022 6000 4291 6523 6261 7847 1281 6762 8665 2076 5835 8743 946 5191 5728 7124 7400 2763 4719 7545 5677 1829 269 746 7950 5735 2170 3417 4197
14 9976 8629 4635 2999 292 2578 7425 9481 523 1589 1067 7831 535 4186
31 4379 1734 5060 481 2425 9353 6474 1565 5426 1211 9641 7812 7037 1179 5323 1166 1907 8307 9085 6240 4351 9946 6667 4333 1919 9365 2638 4983 5127 4556 5399
18 3607 3849 7768 8803 615 9527 100 9731 3531 7761 3895 4117 8033 1248 8159 6681 350 8553
23 5497 1438 2838 9602 6718 6316 6182 2473 5861 377 6582 7271 8883 7918 1012 1921 3404 8177 2139 4407 6396 1926 7773
23 9847 7553 9137 1010 1955 3866 5699 3411 4064 8378 5713 8719 5590 2733 4201 291 6553 3581 5142 1426 5894 5443 7133
17 8878 2402 320 7164 1688 8383 6146 1666 1906 3706 9174 393 4116 2490 7051 3126 2880
11 9752 7471 8967 1362 4864 7776 6731 9243 3671 9792 9120
16 2735 8848 6851 6473 8823 6742 2754 9199 8094 674 6672 1942 5386 4921 857 4646
19 9084 6654 2026 4661 7637 435 9751 9127 9923 9505 7457 7301 9912 7453 2005 1127 4261 4700 1350
7 7429 8447 2132 210 35 9483 7376
26 7657 2896 1777 8747 4613 1415 189 7900 6642 6708 3339 1328 2501 7090 8432 875 4076 5796 1373 2872 1270 1691 5961 9088 1153 9484
12 4090 8484 7804 2350 5645 9855 5078 3312 598 1301 2421 1084
15 3442 502 7236 849 6927 921 2110 7562 1392 1922 1795 7054 9898 2822 5753
21 5693 9965 1995 1970 8686 7103 5915 4397 1297 2885 9632 3782 2645 7149 515 6397 6612 5687 8846 4015 3028
19 672 1384 8566 1363 1959 1480 2292 7197 3469 1790 8895 5481 3963 866 5139 4912 6823 5943 5478
9 6822 1194 9992 7493 3225 5800 8114 5812 3014
15 4494 9412 9316 2681 2518 8035 2304 2984 1152 990 9458 3609 9073 7122 1015
3 549 1376 9878
24 9619 9090 7319 8203 9469 6951 326 8285 9071 4355 1098 461 9284 397 458 1302 2680 1464 2063 581 7419 389 8278 3286
17 1305 2523 164 3818 9429 7256 1023 703 8927 7571 8457 9041 3179 7074 3002 1813 9024
28 9563 7329 4761 6480 952 4664 2260 294 5452 5708 536 9208 3610 1420 7587 4009 4075 4251 9780 8061 7652 5277 132 3132 6725 1935 4310 3665
16 6263 5425 1276 5955 8868 3915 6615 5374 9836 369 7503 454 4074 8491 384 835
28 5192 2426 9595 6739 9064 4854 5724 691 9655 382 7926 6769 2769 4085 3121 2218 2633 153 6578 4898 974 9522 6661 9932 8964 9676 955 4242
28 3055 5971 8774 9666 8832 718 284 3117 772 6893 3315 3829 3429 4584 3141 6540 5597 8920 4631 7032 7970 8859 8756 8499 4284 644 5836 2457
14 1097 7685 330 146 2551 5228 5584 4749 9276 5082 7466 7907 5101 1159
9 4601 5983 3516 3889 705 2976 8222 1202 3797
18 9003 1803 6571 9754 683 8140 4985 7403 5350 7497 3283 195 185 3336 3223 7038 7059 9650
29 2247 5626 1792 8989 5234 8194 3215 9964 3859 8026 6114 1188 698 412 6866 3115 434 3353 1124 5128 8196 2974 5109 7851 1704 2188 8934 4542 1173
21 2015 5901 2082 9800 5692 8334 3536 7265 6539 6590 3448 3074 478 858 8322 5190 5438 6693 1195 9123 8123
15 4742 4602 3398 1189 3122 4244 8288 3421 6864 7987 7502 2526 8571 6158 5661
21 700 1002 9192 2835 7967 7627 6953 740 5651 3045 7016 2197 6697 528 3076 7170 5960 2550 3140 9454 8375
18 423 8783 8020 4194 1121 7574 4875 8614 4666 4872 4328 4105 4353 8987 9379 1638 959 8253
21 8518 1447 4260 7406 3362 5464 4235 1668 1690 6204 5921 253 5754 5223 5774 7821 7427 6317 2252 8508 1599
20 1273 271 7779 724 2722 4219 1988 2955 22 9456 2381 5633 1214 2692 9343 4726 3322 3792 9747 749
29 8731 6877 1489 9267 9078 5205 8575 5766 4063 4958 6698 4636 3174 4204 3550 7462 5379 3293 1283 1073 3010 1901 2936 3059 9032 7589 1366 9067 390
18 6689 19 7020 8713 2422 6711 9562 4410 3740 9579 9433 8788 9746 2604 2361 3612 7968 840
10 8890 5502 2237 9021 9653 9211 6691 5493 8913 4803
30 9514 739 720 5017 8434 8085 381 3047 1222 7203 8273 7135 9370 5998 7045 1584 2052 9333 6974 6830 6226 9661 7591 9587 6394 4434 6401 488 6112 3712
17 2720 8630 8158 6879 1275 386 4217 6486 8258 5705 8985 8206 5834 6099 7938 1403 1254
32 7861 9920 208 4024 7263 9948 1583 3746 9101 353 2612 1979 52 9441 2766 3509 8749 4902 3437 2685 1654 2911 9591 5989 3357 642 6890 1437 8267 2830 9568 5545
16 3090 3575 9768 4164 200 5535 1804 6842 9743 4411 7128 1712 8561 8139 9507 9766
19 713 2436 8328 4624 9633 9118 2059 2751 8992 9933 803 8234 604 1730 2487 5889 5659 9637 1898
16 6277 7230 3092 3821 7884 9466 2275 147 7048 2515 8266 1016 4135 5168 964 9515
19 5934 3990 1530 7355 9462 5016 3828 8270 2524 6628 2030 3834 5594 3131 6732 3350 3702 7476 2090
17 6901 6189 2651 1319 1477 7486 7439 4678 7514 9468 4680 7660 6358 5806 8174 1147 7906
13 6815 7575 9828 972 9688 7675 8474 8358 9745 5461 1788 662 3238
22 7070 4873 2297 8826 8007 8547 83 6447 2546 1501 634 262 5288 9807 7378 1577 3192 6895 4392 6700 9771 8308
21 4679 1774 9934 2089 4125 776 6810 2341 8935 8822 3242 1618 7584 1696 1890 8002 1574 6487 1149 8893 3349
17 5445 2357 3138 7677 3073 992 1884 559 6009 9392 1181 2360 6374 4477 8481 6542 2939
8 1105 4282 6515 101 9145 783 9296 432
11 2883 8792 854 1399 2583 6045 3369 5202 3080 3378 8897
13 3817 5491 1192 9471 8875 4738 4612 9791 2475 5726 6723 747 690
22 9305 3546 3541 69 7190 2041 8742 9737 8667 8407 7764 7830 8237 8933 5734 1525 8569 8215 1155 9509 4448 2251
10 4059 9473 7927 9763 2162 9663 9076 1091 7450 5538
24 1138 2166 6884 6098 8800 3974 4113 987 6898 4768 3282 6488 7132 6047 6083 3913 5320 8907 2655 7396 9501 764 4275 7836
20 5324 109 2997 8421 6222 2234 4564 8830 6684 5670 9403 1289 7354 1836 9786 3171 7358 9787 6521 8163
25 1867 1883 9347 2539 7631 6327 8464 6173 9497 415 7411 2857 9222 2565 2359 5186 5607 727 4023 3023 1808 5272 5814 8260 1293
22 4758 8739 956 8348 9952 5809 2343 8018 9496 6905 991 7599 594 8753 63 8117 7336 5015 5831 1662 8090 251
22 311 4072 2332 9043 4093 1471 238 3150 2340 8060 7786 3582 3001 1957 7639 7426 9200 5459 3275 9168 5718 7123
16 6381 2324 7612 6340 8187 1910 2464 2178 7284 2707 5634 8685 1801 480 4269 5439
4 2917 3188 3112 4887
8 6706 7198 2512 2915 206 5012 3537 2660
22 7957 2654 1475 1101 459 3646 1476 4293 7614 8857 8963 2154 2923 2364 9755 5327 1397 6624 3835 9309 7163 2998
6 769 2106 8224 8306 4390 5855
21 519 7711 6786 211 2184 716 544 1891 5062 6680 9630 4730 3389 9699 2371 8349 1258 1708 630 4649 4348
38 5717 9166 7129 8055 439 95 9680 6749 4115 3807 7208 6584 5263 1859 4045 8617 6121 7604 6865 5221 4314 6036 8807 5039 4457 9480 2148 5421 6267 5416 7932 3198 9308 5454 79 8802 148 1452
33 4071 6794 409 376 572 4643 1864 286 2842 9238 2174 7474 9882 1461 7178 9136 7007 1516 6552 8689 1094 619 8732 205 9204 6568 603 3558 1928 7539 3287 7057 7649
24 606 7043 8695 6805 6243 3986 4840 9302 5385 1519 3979 7461 8381 2494 2555 2493 3642 5873 1157 7803 7617 8910 4735 6434
24 8708 3655 4935 6296 4867 4088 2333 9477 9182 3054 9537 2665 9570 2011 7729 9975 6268 1198 6800 8109 8871 5519 6779 1626
24 3549 3885 3453 775 2640 3952 876 4858 5684 5394 5211 9460 9348 1382 1035 1375 4579 9531 2890 7105 8046 8683 5362 6212
12 7499 7975 9030 9954 3653 1798 1517 4287 246 944 8861 2280
27 1776 5858 4833 1460 6398 8955 3082 8191 4986 5241 4541 1453 2314 3752 9881 1389 4470 576 6696 5470 8107 2454 6227 2953 7157 8235 6770
30 3307 7704 3603 8254 655 7253 6814 5838 2673 1256 5310 6067 5099 1330 865 9000 4690 8291 5097 8299 2068 4517 9725 220 5546 4837 750 2182 6300 828
7 8477 1784 9459 7317 3932 4199 7600
16 6663 3951 5510 135 85 6336 3970 7745 8300 254 6416 4114 9229 2768 6176 2430
33 5235 1323 3176 1240 6012 7882 657 9981 7276 120 178 1110 886 6727 3454 6743 3186 3894 7750 4033 5911 5313 4831 7447 2027 5203 1894 5788 8626 2096 6955 4203 5047
22 5300 3758 8766 1963 7994 8110 6652 1862 6946 74 7873 5040 1861 5140 257 701 5793 2269 9154 3687 8959 9311
7 9409 1227 8227 191 4599 4580 5348
10 8950 8489 7380 1949 506 4593 5660 3124 3102 1880
11 3167 498 7576 2525 4989 7984 5567 3466 3292 126 1555
18 563 8225 8551 133 3494 3416 6861 5785 4997 4597 3960 420 6175 8839 5412 8663 299 3741
8 9679 3170 1778 4279 7506 1570 4723 3987
19 768 5907 9319 7920 3845 4667 3592 9998 2400 1468 8593 4620 4000 4468 4191 1107 3703 2940 6093
27 5860 4511 6455 4673 9045 4830 5967 1338 1930 9160 7998 5559 3977 2205 5166 1229 8197 7012 3087 404 4488 6867 1044 5121 1868 3310 1966
4 8758 2893 1844 6514
16 8670 7588 9967 1351 227 1606 3244 8944 4548 9063 4577 1483 3189 6701 70 3110
35 6916 3976 9559 2657 1830 3083 4658 2470 5576 1738 5603 3785 8263 3909 8494 8212 518 8545 7570 2437 6436 6459 8969 201 6787 2820 5022 9126 9443 9590 9217 1467 5051 7964 455
26 9888 6502 8277 6004 5189 6200 2382 7628 2799 5187 3636 348 2852 4384 5962 8014 1391 9911 8312 3031 5373 1905 2158 340 4254 5573
23 6807 6304 530 209 7152 1660 4347 7316 7971 2264 3210 1787 9584 3308 4212 1786 9664 7023 8365 3048 6934 3041 635
13 2316 8209 8435 5890 3512 8088 2734 9703 6390 8352 4813 3128 9960
26 2061 8458 4733 6026 1537 9647 91 177 4888 6359 8843 1960 8148 9143 7806 2535 8344 7798 556 4732 9518 1361 6626 3504 8762 4308
29 5086 3459 4502 5920 7000 802 6392 2731 7922 8615 8176 5009 2246 3905 6775 4675 3356 684 8565 8172 7517 6144 673 1526 8255 9808 49 2098 2697
11 4058 5282 3557 3833 3133 2107 6333 8160 9328 4685 3341
28 4618 5112 9627 4228 7787 4587 6705 8671 5087 3901 7903 2122 4159 2909 112 4044 3351 3973 2995 6947 6037 6837 5643 2083 6489 4181 1961 1972
15 7929 7287 4084 3735 3146 8401 6909 7334 272 130 3498 2874 7222 2960 6517
10 7561 1620 7613 2067 5515 2823 6007 6844 8877 4741
16 7401 699 902 7346 9778 6888 9103 695 6712 9185 2325 3300 7853 1782 2739 5067
16 2384 5704 8437 4382 186 9244 2567 4572 5930 5319 6295 8751 9794 6616 2993 3458
20 4855 2006 4836 8239 7490 1612 4566 2479 3547 9994 5364 2851 9588 8570 362 2488 9922 3727 792 9532
22 273 9813 8309 9869 9104 1503 5477 7382 5503 6825 5782 8820 3211 9240 2596 7189 4460 4647 7063 2500 4945 2951
14 6831 7580 832 3364 8737 1109 9186 915 860 2637 6291 3644 6273 9387
16 9325 9320 5025 4665 2649 933 9044 5196 5585 9059 6841 4581 3226 3175 9048 7001
16 3444 8104 3779 3403 565 6220 7172 9002 6538 922 5453 3940 7730 3648 3930 5903
28 5769 7512 5777 2635 5627 5783 7034 2180 6643 5853 9564 5169 5941 7749 3372 1715 1810 9607 3501 5180 4290 7402 450 7917 5893 8389 8468 1633
13 9140 9985 6562 5155 1592 5583 8268 90 5384 2189 5396 9275 5979
18 4948 9226 7366 463 2622 5725 319 2607 7389 5909 1989 9372 1706 3431 3956 6918 7185 5707
32 8703 8715 8548 8198 6125 9286 2952 1250 3482 7315 8970 843 2568 402 4472 2841 5210 8872 9894 6829 1450 8360 7897 6525 2378 2195 460 1280 1398 7349 4339 4865
31 117 4877 7438 8445 633 6196 6270 9684 6422 1768 3624 5031 255 5052 7582 1463 9086 3577 8347 4102 4684 7175 6400 1548 3385 5505 6878 5673 9007 4728 438
16 7913 9362 4087 4121 8345 4899 8544 1727 6776 1026 8526 8828 8744 3728 2259 948
9 6695 7428 4848 3375 7494 8155 4372 4007 5982
17 7040 3596 9306 8902 951 8042 5601 986 2781 9410 4744 2291 4006 2747 7951 9711 3836
26 3855 5957 1723 7662 2907 4689 4628 2375 6772 1720 537 589 4464 9727 3916 6990 787 124 1174 8405 8777 2491 899 8925 2224 4393
16 3371 7451 8073 1325 2290 3230 2533 7089 7828 2779 5776 8908 562 5749 8648 8939
28 8329 7398 3067 5887 1252 1873 507 6703 9833 6630 4532 1348 4634 929 1199 2345 1236 453 6556 4578 2433 7800 9865 6464 5363 5618 3492 7214
29 9675 5393 2293 1267 6172 8694 4776 7081 2054 3843 2407 8193 1255 9330 5694 4569 6505 3832 2396 333 2242 8778 3820 4298 51 1379 2886 60 2211
26 6198 874 119 4782 1102 8190 2954 2220 5001 1896 9701 1069 6056 3007 3854 2804 6880 2561 4582 2308 9986 7268 9198 7814 729 2322
19 9449 8799 5306 2729 6363 4688 5529 7024 7788 6995 654 5177 1607 8880 4670 6065 4691 8797 4841
17 4307 3249 1251 7117 457 7314 1208 8294 6801 3246 706 8132 3978 8321 7489 5460 9472
11 375 7186 9402 6164 1869 9297 8816 780 6293 6393 1855
10 1040 5480 5518 7295 7304 3716 7826 8195 623 4901
11 222 5511 3116 2209 2187 2386 9195 9019 5863 1950 9530
19 1005 1773 7116 1030 5540 5516 4246 7312 4376 7579 4940 1324 7912 7216 106 9027 2477 4301 9451
18 9550 893 8918 8063 6059 5801 3428 8400 2903 9295 3920 6347 2101 1703 8625 9875 4530 5790
22 3555 842 2791 9255 8536 6029 5656 4544 9209 7916 8806 2075 40 2121 4884 1532 7508 8562 8550 2137 924 3824
13 1135 8601 6043 356 3413 6372 5980 3452 8905 3206 1542 3035 831
21 3578 501 1840 7004 9541 4388 4430 9250 5258 4262 2336 7752 7855 3497 1385 3517 7979 7053 8124 9069 2853
18 5424 378 3663 8546 9436 9092 1444 4619 80 7345 6126 2666 4598 3243 8818 4108 73 2908
5 4894 2520 9927 9977 9811
25 920 6150 8801 833 1466 7680 7368 1870 2854 1761 4890 8841 7653 8680 7966 738 1183 954 5397 9332 1694 4977 3819 4918 5077
14 9799 5856 7444 4234 4571 4960 5905 1092 4425 1268 7244 1760 401 6348
5 2559 2338 3502 3701 7110
13 6541 6601 1046 5069 1239 9645 7113 3227 9444 8049 261 2099 3656
24 961 3891 3291 3077 4777 3999 5023 2861 3856 4903 731 1291 1136 8495 5456 2894 3911 3604 9622 6606 3872 7039 5926 3857
28 372 5744 4170 4575 4794 697 8346 2696 4786 2128 3434 5100 2884 3867 7187 5134 4340 5133 304 4368 7505 4963 7753 4361 3084 1158 1495 321
14 7952 3527 3608 6982 614 5640 4809 8169 8669 3660 6180 6812 628 1284
15 3654 4992 9237 9470 6798 6130 6530 735 7925 3730 5115 6500 4178 3890 4013
24 24 5748 6922 4482 1912 6248 9729 3731 3432 8511 7006 2438 1736 9231 9293 5333 226 652 7739 1336 7983 1425 1958 4296
21 2869 9012 1693 4139 2981 1800 9508 3443 8105 1756 7879 6171 3406 7708 449 1167 7408 7218 2683 9129 1064
22 8962 1655 6503 9557 3493 4607 300 5695 3451 4497 5792 9478 5094 3328 2614 151 7220 2859 5292 5733 3521 7760
15 4637 1630 4352 9303 1709 9784 5042 2945 9351 279 2956 1145 3568 7549 5975
11 4150 3358 9686 8525 5195 5789 1673 7056 5392 8837 0
32 6115 9246 5487 3354 8653 4953 761 475 6089 3949 9897 8116 6213 8909 4089 2388 7062 7743 6774 914 3352 3195 9802 721 781 1877 7487 1242 971 6817 3185 6492
16 3988 5727 2641 6924 9691 4020 3840 7434 982 2409 9617 1676 6165 6908 1027 4049
13 5885 1973 8901 2601 1695 7942 2672 1648 8483 5752 6046 4303 4220
18 541 1218 2537 6430 7097 5156 529 161 2810 388 5317 3635 243 5157 3296 9750 7241 4005
9 4143 3202 8130 7184 5942 7977 1809 5874 8789
21 6228 1024 513 873 5976 6366 6262 17 4978 8997 2087 9422 9961 7973 1925 416 5044 5148 7154 443 1653
16 622 3475 2216 6567 7569 9639 4498 3314 215 2151 8431 3201 1217 4190 859 5969
11 1833 5562 3772 4533 774 5314 2452 7790 288 1171 6090
13 6961 5991 9386 7541 5448 344 8045 336 418 4766 6448 9642 5434
17 29 3430 5369 5554 4285 9252 7635 6854 7405 5877 1572 8522 6214 1462 504 3899 3762
8 1664 5636 306 5316 4811 8089 2914 5449
20 55 6669 4807 6475 640 9464 2570 5291 7535 1168 8981 2192 5608 8659 7414 6140 6235 3763 9448 8047
25 9523 7104 4648 1313 8915 3816 7683 1634 4065 7065 8903 2109 7552 8129 125 42 6154 5118 6145 7670 4010 7681 2353 6323 6073
29 9216 5948 4299 6245 5732 5303 4396 2140 3038 3169 4147 3997 3673 5256 9157 2513 6605 1772 8067 2990 5956 600 1763 2155 4215 2855 5883 1680 9277
28 9283 533 4686 1422 9177 8560 9812 8809 2702 2248 8416 2557 5664 4106 7547 8362 2757 9488 2871 2980 9399 466 8765 1161 9339 5685 9336 980
18 4842 7889 2982 2181 1762 8876 1886 6871 6280 9475 7150 4496 938 1679 7620 1624 3841 7581
20 2576 8573 4048 1980 4264 3470 8470 8748 6862 8833 7914 4280 8975 6935 5916 5144 573 68 2843 7996
29 4346 2536 6307 6021 5917 7663 4880 8243 3203 8631 7516 1193 3085 4209 9300 2938 1656 4916 592 2144 7646 3013 9423 7377 8006 8221 6229 5884 6889
17 1888 9935 2782 6536 8588 6818 4405 5837 6746 1364 4594 7341 4329 3520 3871 7219 2329
25 734 984 2482 9262 4021 8030 1553 5994 3099 949 4221 3757 2933 1071 3948 4473 3078 4745 2496 2858 207 4923 7625 8053 2815
19 3149 1588 150 2973 1200 6942 935 5913 1143 5851 2517 2699 2811 3944 4401 7833 7597 7374 2606
15 7119 9817 7691 193 7415 4784 2040 2468 3163 894 7904 495 9489 4554 2208
27 4214 945 608 511 856 6313 6247 3685 4879 1455 9440 4828 8533 4787 3474 4718 1747 543 7529 8621 6469 50 9389 162 8757 8417 4321
11 7862 310 3822 5940 7473 6535 7261 648 1698 5407 5003
32 157 627 9164 4914 9065 6886 2927 671 4595 7933 3793 4552 3946 2846 7392 5163 1448 4263 5908 6142 139 363 8704 4771 6050 270 925 2746 5095 2326 9196 4018
35 2986 8149 9851 1674 7648 1527 8504 3993 8367 1587 2817 374 5951 6579 599 2467 7080 1008 3874 6290 399 3593 6581 37 6754 8427 9730 1990 7930 5595 5010 1540 1285 1823 6750
24 297 8029 5954 1177 7372 9385 2330 5995 7894 8182 1431 10 8976 4851 154 6561 7500 2317 5378 1506 289 3652 8156 231
30 1978 2147 2118 9874 2904 8338 8521 4404 7682 7636 244 5844 2415 9054 5770 9074 6134 6301 2443 3235 276 8015 3376 1811 9756 7992 2968 7251 6250 234
10 3103 5285 7464 116 2619 3809 54 9257 7496 8980
29 5341 7687 1635 7082 3947 6836 7870 5158 6133 4913 8973 9972 7642 6407 8324 1943 9248 6156 1429 2048 4559 3881 2222 5 7478 8066 5354 2070 1594
20 2912 696 7277 9512 6101 2776 3194 3181 3326 7629 3657 9652 8645 2156 3967 9163 9863 7978 1262 6960
10 3281 666 6641 2281 6722 7809 4230 7136 6782 2961
22 5716 658 9864 7609 5250 6312 3277 4168 9428 999 7720 8317 8623 4946 1329 6781 593 9606 3464 1185 8100 391
13 957 9495 3910 1640 7934 3842 3936 4797 3020 932 2165 265 2492
18 6724 4910 601 290 4141 7174 2600 6969 5690 7448 7643 1459 5550 3570 2631 1130 7615 1956
18 445 8978 6756 6338 3614 6442 5484 7340 7106 184 5419 8050 5215 4118 4492 6792 7257 7593
11 3693 4767 2989 6238 1442 9885 9931 7955 6302 9290 5798
24 2020 6356 9018 5650 6512 3623 8075 8945 1051 7924 808 2882 103 1342 414 7099 8281 1007 3440 3324 9099 4757 4922 4129
9 8395 166 4652 908 8072 3271 7483 7147 2814
15 2008 1100 5566 1386 1272 1913 1381 1298 8354 2617 5111 4229 1390 7359 5296
14 8406 6849 5034 3329 8133 5347 2261 3026 4101 241 233 1538 7328 5059
29 5598 6329 4455 1697 4154 1221 5212 6764 1797 3583 5539 6580 1686 39 2368 930 2906 1820 283 6682 9366 8325 9597 6847 8592 653 4991 1216 7937
23 3030 8290 7207 5064 4406 9810 6462 4543 9142 3473 4454 4565 9318 9170 5850 2553 868 4341 7348 7705 1952 7611 4157
25 3471 4885 2742 3773 2511 9345 5351 6438 7477 4944 6426 8864 408 1411 1982 4032 5739 470 3387 7590 6632 8558 7144 6621 3388
21 7141 2788 7379 9720 1176 4224 4561 3135 2370 6619 736 9767 7781 5577 9683 8567 5826 4972 6349 8636 431
9 8102 1421 9636 332 881 6744 7330 2522 641
14 8840 5615 2233 3368 6454 6575 4862 7019 4123 767 872 4364 2623 8211
28 585 8991 5433 6537 3839 6237 1725 4206 5219 7794 8316 1417 9023 8755 357 6167 6281 5810 6679 4188 3551 7121 1851 632 6577 9726 3941 2865
15 268 867 2453 3465 9624 5635 7940 4055 1822 9029 613 9798 4755 7242 229
6 4495 6058 3585 3542 3051 2591
4 1353 4863 4011 7678
27 5406 5089 2060 5495 9037 646 9035 7010 5238 230 6319 694 7944 2611 6431 1011 3018 3144 2149 8041 1083 4193 9391 7863 8216 845 587
19 8342 7028 9052 2036 8219 6446 1835 9171 2831 9546 7239 9321 8960 4043 3027 26 2358 5722 7482
21 5649 9513 9574 4499 3070 2713 5154 6184 5104 77 1719 8248 5823 7892 1404 4288 8684 9432 9690 6177 7524
18 7640 9405 9852 400 2495 8040 1349 6967 1369 4327 9133 23 5229 323 2131 6872 7577 5973
18 1528 3049 9996 6069 5668 9795 2639 9846 403 444 4415 6850 5123 6838 4014 1061 1129 1118
18 583 3708 1123 6138 7077 692 5171 6264 2186 8829 8201 6791 5936 3998 5549 1878 4760 8507
5 2941 5237 9925 8252 7362
21 8204 2714 3544 3795 1968 8272 9928 6657 659 8058 4871 5105 7407 275 3556 490 8646 6820 1814 5401 8330
12 3025 5756 5678 1529 1770 9431 471 7280 609 3711 2821 3042
17 1735 364 3553 9506 2004 7168 2816 2097 2267 7480 3804 1205 7126 1080 7878 8942 2862
6 5304 6202 9549 4973 7534 6544
21 4829 9015 7647 680 8031 2947 3962 5512 7520 6945 7780 4721 5924 1881 479 7959 1903 421 5978 2185 4446
20 741 6658 5602 1465 5751 5279 9272 9424 6962 8984 1264 7866 5527 6116 4660 1296 4567 7521 9049 8332
16 5381 8699 8979 7086 5686 1257 5526 2948 1785 9124 1445 526 6417 2594 1043 7183
21 9979 2538 9806 4225 3193 1513 7560 6692 5925 3484 5068 941 5696 4765 3769 6768 2625 7079 9668 763 5592
22 8559 3826 2690 1430 7915 4714 138 2760 624 7259 5715 6609 6339 1253 3178 4175 6371 9615 2929 2223 5264 3950
14 6321 5565 9867 9978 6714 3980 1321 5762 8455 4458 5048 9555 2103 6944
24 3743 7810 4720 9105 9068 6618 6274 6589 7746 105 8687 3258 5630 1591 2834 8390 2545 8651 2772 752 6545 743 1131 8825
22 9581 5757 1106 7232 2434 1494 8996 2910 6120 9474 8017 4893 4562 4198 9748 2876 850 6869 3081 2258 1659 5555
6 1269 342 6868 8590 4487 4471
12 6039 7823 194 6085 4378 6375 8725 3212 8532 1885 7797 9914
10 8520 6735 4247 9031 1643 2648 4924 4266 612 7909
30 3457 1637 6135 8426 6875 7876 1233 9951 782 7668 9742 1721 969 8644 6218 9659 582 3221 9247 6996 6006 7137 7969 8436 6510 5270 5832 5703 532 5147
29 8728 4546 1090 5721 2480 7282 7595 5702 7515 509 7361 7822 1598 5188 2125 1416 1832 809 8513 7820 4165 5946 5912 3240 5207 3698 6445 3184 3984
28 4687 1113 9463 9685 4255 9845 5120 896 704 546 175 1309 5070 8038 9741 1561 6106 2057 7651 2024 9643 5561 8162 1764 165 9887 107 8371
24 3564 2123 7737 6216 3435 629 4792 8245 9114 6423 9225 1753 1682 4026 5164 287 2120 7431 960 8180 1419 7722 5616 7215
30 580 7846 3680 3906 6141 4656 8034 7386 3802 9710 8761 826 7769 4358 2636 9378 8961 4259 9363 6286 1025 5339 5736 446 8036 2888 8411 7350 4305 2130
25 6649 4387 1013 5743 2143 47 6360 7243 3675 6902 4677 3694 8819 6406 2740 1029 1072 8476 4419 1144 2349 6074 2878 7702 4883
15 61 6745 8444 7381 6921 1470 8450 6203 5278 6292 67 9110 5786 5216 2445
27 4788 864 7249 7446 9144 3566 8682 3789 9538 5193 7778 8257 485 4800 9482 9167 6793 9230 5247 7842 3256 1616 6852 3954 1927 9600 869
26 5161 661 2957 4137 4704 3433 5437 5021 7872 7793 8293 2694 7130 7718 6733 2215 3935 7976 8013 6310 885 5797 937 6057 4886 4823
24 6456 1613 3373 5899 967 5301 7305 947 5176 9908 4335 7531 4621 1446 3917 5947 9455 1971 6964 4504 5683 1645 131 86
30 8179 1414 199 4920 7698 8768 5662 4764 1902 2072 9526 3157 3722 912 3776 4988 800 3813 4915 6906 4740 4514 2127 2723 5781 3063 2529 7481 1938 1327
27 6952 1326 1843 1997 9613 607 5674 7785 9242 7829 6925 2901 9001 3079 1946 3137 2700 7076 9762 9605 1036 5542 6388 2202 9413 4812 5423
22 7877 1874 5289 7712 6437 9322 8721 7566 1702 1075 909 6522 5482 9148 213 1164 2965 5741 6315 110 1713 3012
25 7799 6526 5036 1079 751 7901 3165 7513 6379 5709 8952 4734 4539 689 9879 958 8010 1322 2010 1440 1103 9279 6107 1356 4054
15 489 6068 5771 895 9681 5287 9158 2044 3524 7762 6367 9388 2504 7990 6665
28 9207 1142 3396 8835 8079 4895 3621 6757 8798 2164 7145 6389 8741 8136 9983 6824 6353 5625 547 3234 5000 1622 6586 4151 3033 4416 579 638
12 8184 4642 9141 6451 6064 9785 5026 5880 9490 6234 836 3088
19 8420 5387 8262 2401 9769 3921 3966 3594 2663 8485 4838 3320 4952 1076 2704 4702 9567 3637 1120
11 8675 3160 3461 8370 9944 2605 2577 645 6570 1160 2053
29 6424 7373 5952 1745 9858 2924 6081 8505 5824 1048 9837 8603 5462 6963 5411 5005 8004 9843 2719 6117 6289 3419 1056 3771 3153 3576 3734 2287 3107
12 5245 550 8339 8111 4465 3898 7509 2905 4697 667 1288 5150
32 6160 6529 3640 1625 975 9254 846 3220 3904 2543 2969 2395 7805 8610 508 8413 1259 9844 8051 2229 4067 72 4025 8048 7839 5840 3015 2219 6573 1619 6148 2658
7 7468 9245 2367 5084 2701 4022 3965
27 1866 4414 3058 665 2967 1557 169 7548 5866 494 4930 8938 5764 1117 4937 8917 8576 6846 7292 985 6055 9201 9415 2481 2007 7568 144
22 3692 5541 7193 1684 9130 7092 7558 115 4130 4398 3896 4834 6930 6345 1981 7754 880 8598 8460 4950 6230 4325
16 8578 5208 2444 2670 5537 1310 7100 9665 1265 3598 3684 264 784 143 4908 2628
3 9121 2461 2528
31 1993 3317 7602 6550 4016 6425 6076 6677 355 8746 9694 9298 639 6326 5259 7538 4237 1058 1566 9162 5681 5524 2282 6555 4783 5609 8714 36 9775 4540 3224
21 3239 2230 6420 8554 753 6024 6066 2406 6013 5405 4426 6857 3573 2153 5919 6092 3658 1478 1085 5544 4363
24 9901 6404 3579 5358 6199 5710 6155 4112 8236 8937 3721 1352 1436 4798 4300 715 8953 3086 4367 8269 1849 8572 4324 4987
16 7911 8784 825 8157 9890 4070 4166 9258 1623 3383 5119 8461 2069 9854 4474 9759
25 9411 7180 6244 380 5622 1644 8869 5033 4866 6885 6103 285 6452 3661 11 467 4681 9181 441 1611 6314 1895 9601 5159 797
24 1563 7120 4821 7594 953 3672 1681 8916 3182 889 3689 2646 7852 3217 7607 4081 3427 8409 1575 7603 5599 5395 2210 7537
20 4882 5698 462 8028 6999 7221 163 8815 4824 8064 8914 3151 2427 4737 1936 2372 1507 6193 1663 5647
14 5902 7114 2748 5996 6410 8059 6647 2412 6720 5286 7767 2298 4759 8301
20 7229 3540 1908 9349 5981 7510 4632 1567 309 94 8286 988 312 8712 5775 5030 9525 3254 307 3971
20 4066 3311 1206 6596 65 2241 5041 4012 670 4692 9384 8931 4097 3707 5938 2575 6766 7484 7784 5653
30 6965 4984 3786 1054 3972 3616 4806 6809 4485 4713 6197 249 4433 5619 7370 7727 4590 8074 6543 2365 6860 8315 5612 2775 4967 2301 7869 5311 5964 6461
15 610 6206 5621 3938 9419 8298 3729 6636 4505 2088 8972 8900 8948 6322 8594
27 7318 3276 7993 6740 5377 6402 2919 5124 9623 6915 365 4802 816 8926 9709 4746 8524 9739 6077 2003 9959 9437 1732 5867 3715 5368 2502
29 2429 5090 8637 483 172 3666 1627 4029 7840 8188 127 7096 9263 9075 9288 883 4773 4669 4651 9758 2478 4614 3700 7997 7310 371 2321 56 5055
15 6633 8448 6645 3468 5409 5260 7275 6659 9611 8502 8097 5864 4096 7755 492
21 2278 567 277 7255 6984 7337 7442 1175 9492 8831 8228 4400 4623 1710 1299 4711 936 8688 9884 2580 4941
9 2774 8736 7320 5006 3991 428 476 8581 4962
26 9020 9805 4826 7085 7567 1491 5107 354 4366 7278 2802 2377 2790 4270 7715 9228 524 9268 1531 4343 4357 3449 359 2334 3587 9693
8 2418 1780 7240 5418 1244 4447 9921 1367
27 9291 3066 318 5352 4481 5428 8609 4344 1746 2394 1692 1292 4394 5768 1911 2309 8428 1395 1499 8986 7192 8304 6124 9599 8275 8607 7281
15 9626 3029 368 6983 1307 6970 9113 9337 1854 7854 7844 4640 664 7283 5404
22 9187 8786 8410 1845 1441 4034 7693 4617 7066 711 9612 9077 8296 3691 8125 8911 9917 3893 1649 6105 1850 7025
33 8509 5218 9128 8021 448 8772 9620 5779 66 3477 8353 8804 64 2240 7296 4515 7262 6726 7298 6863 2978 1818 9848 3670 6759 6651 6592 4676 5560 5657 8666 5224 4951
33 4586 6123 9452 8586 4223 2928 1186 4657 6352 9457 2741 2732 6896 6346 907 7843 5302 9644 3323 7351 9943 4265 4535 7313 5805 5759 7765 8677 8658 3040 5410 9608 794
16 4644 6987 4167 5380 6181 928 7326 7819 6778 5475 9212 8729 7974 7258 6499 9259
26 2327 212 2000 3778 2385 8523 1182 1412 2966 3155 542 4491 2043 9667 6443 9534 242 1882 1486 9218 9958 6490 4122 6687 2579 2521
30 4098 477 4200 3632 8167 3290 8652 560 2972 1752 1104 3278 7610 1876 7021 7288 3011 2789 6528 2047 7838 9323 2616 9414 6760 7390 204 7888 6717 8941
10 7227 496 6328 1347 6049 2046 4861 8384 926 3064
29 6694 2738 3148 4080 3490 1904 2173 9539 6737 4971 6331 6882 4775 7498 3305 4211 2104 9593 5061 4919 3674 8387 7160 5987 8084 571 1238 5432 8923
27 219 8376 9401 4980 1223 5366 2556 1521 7697 2315 5083 3907 5958 9706 9816 733 8264 3359 771 3455 1187 4501 9883 1400 9719 5162 6311
10 2176 814 2678 2257 8966 3109 3301 2064 762 6288
17 1815 8965 9722 2844 678 2765 2756 4694 9594 5506 8946 4240 8295 8238 6702 4399 5896
24 3008 7293 965 8274 9180 4585 9610 5799 9273 1487 3393 8101 3436 4248 5092 9880 1435 5102 2344 4459 1749 6249 1793 8994
20 5222 2589 4450 799 4046 1045 862 7796 561 134 7734 3391 8473 7071 4936 1279 2689 4337 4795 8138
16 8271 8711 7654 15 9968 2383 5305 7384 1781 256 5309 5552 6707 3152 8442 8596
25 9670 5359 2916 3319 1215 3190 7856 2706 5557 6548 6306 8540 4272 7195 983 3481 5570 451 625 2002 5784 9417 8423 7008 12
4 2944 3790 7422 6190
10 6361 3918 1609 7325 8394 1126 7519 8611 6355 5273
11 3321 693 5274 2991 1806 8734 2022 7332 3733 3633 7565
2 3647 2887
4 8564 4717 618 5226
12 7716 217 3374 6086 9119 3713 4192 7264 1354 3265 9781 2253
30 113 1838 7864 5113 8642 8555 2675 4213 8214 1872 6297 2875 9553 4449 9592 4038 5999 9716 517 3955 503 160 574 3125 4751 1726 9390 5269 901 9334
10 6913 9109 2305 4558 4202 1550 2686 7176 7501 2758
24 6607 4184 5507 5816 6413 5135 8882 6639 9561 5008 1947 9950 7167 5372 8186 8793 2012 2895 6256 4427 8949 9648 2307 4354
21 3168 1863 4615 5701 7555 4441 1595 9264 6808 2272 1428 5004 3447 7094 7875 9122 6432 7050 5842 5531 8879
32 2313 8932 6741 6034 7246 2160 7118 6476 8585 7931 3862 4062 9823 7726 3924 6622 5929 3241 5249 1714 9193 53 1535 8971 4176 2028 651 4563 4383 3787 8152 316
24 1724 7435 2784 2975 1518 9586 3602 3605 4050 5240 5593 7266 5523 4523 500 4053 1632 8805 7771 2469 452 3627 3422 3863
13 5402 3426 7867 7988 6491 2866 6899 9338 9953 6011 4041 3571 1602
25 6900 3338 7808 4653 4907 2898 2206 1393 9724 3846 3645 5353 1065 5558 9835 3511 1974 2283 3091 6351 8202 1380 7083 176 6439
33 2507 8323 7792 128 2783 9100 5267 5628 8164 934 2867 118 4939 3496 4019 1603 6391 754 8649 8250 534 3628 5271 815 3214 2873 192 4671 3248 8467 7300 5791 5198
19 5343 3005 499 3925 7440 2715 9583 7352 4626 8810 9708 5110 3303 3094 3456 6335 9439 3914 2554
16 3667 5875 5332 7148 1842 3139 7101 5420 3142 6014 7385 6988 605 2730 5937 5476
29 554 4583 3384 950 5465 4249 352 6179 3799 3231 7231 8218 8108 2268 2595 7583 2485 3525 7995 6827 2647 7981 6194 2725 8515 4509 410 3533 3664
14 7088 6547 9696 4503 3622 8956 1220 7234 9106 6848 2021 4060 174 1115
31 8587 190 6558 5466 3830 3263 2399 9575 6563 3119 1496 7732 4555 46 2126 3345 1846 9900 8542 3507 2693 3285 8775 5767 274 1953 2347 8230 6285 9499 6533
12 6418 9249 6709 7299 4524 1049 1249 2029 6233 2750 6419 7688
31 9698 3129 4507 2809 7532 5356 1639 5569 3710 3450 6806 7689 9361 8764 8650 3847 9955 9571 9239 8887 4674 7449 5795 9173 1858 4859 7540 9203 6153 6993 7166
31 8698 1984 6752 1689 8382 7557 7226 4705 3554 6771 2245 9179 425 5076 9980 3505 6751 3340 5340 2213 4710 9697 6604 4982 8165 2294 7832 3158 9895 9253 2806
25 6780 9274 442 6208 9702 3783 2235 152 9116 1523 3261 7274 7659 9734 9358 9542 8415 2749 6790 973 4082 6520 522 7744 2836
6 6767 2745 4099 9889 3669 9377
21 6044 6255 1260 4003 4629 1433 6910 1096 3750 1308 4747 1383 7939 1976 5950 1615 7623 3931 2113 6981 3172
27 4056 4428 1755 1365 2900 942 8118 5043 9381 5382 4638 8760 1924 9056 4878 1964 7871 539 8076 5326 968 4961 2342 5895 7606 7035 757
32 2531 7156 5808 5054 9165 159 2753 993 5400 4195 516 5933 8620 4443 366 3902 6629 8881 4004 5966 1678 5355 7022 4216 9715 3268 7485 3162 9942 1549 3886 1636
18 3410 9544 5654 9087 5517 6192 8192 2687 334 3897 5165 5468 7027 3884 7029 140 2310 4286
24 5881 1492 6159 4467 9779 6730 1741 5872 4518 9083 4845 6617 5002 9091 3379 3412 7238 6623 9271 2080 8386 5435 5551 8770
22 1879 497 8595 3530 2548 5878 8366 2959 8492 9941 2850 4993 2256 2582 6599 2363 4672 5467 3745 4484 9184 8612
8 8086 8459 7224 4869 4659 5091 8226 8850
17 8189 1512 2335 2717 1568 7267 7630 3145 5284 6325 4573 2331 2824 7338 6477 5011 3945
12 2828 3208 4171 9375 1311 6484 8493 9132 514 7724 280 9287
28 1794 3068 7248 482 1986 9485 7323 4724 7445 649 8851 5910 9822 9896 2921 7817 7339 8904 2534 6157 5463 7 8781 2194 4375 7307 6991 7742
13 7849 8574 8419 7690 4520 6129 1401 2001 8633 9814 1552 5130 1479
23 394 789 76 6386 8691 2179 1203 6104 7898 7949 8627 7177 5183 28 2785 1358 3337 4239 8497 7343 8282 6685 8429
13 6269 817 9974 9314 7492 9135 3879 2930 7777 4326 3205 8968 6365
17 6843 7108 4104 9838 2829 9790 3216 1590 3299 7782 3330 9957 8528 2615 1295 8838 2152
18 5027 245 1146 1671 3878 8697 745 570 9066 5126 9115 5972 2450 1514 5817 7834 8865 4374
19 7709 3294 1605 4781 6168 6053 5295 2881 9138 3394 7078 777 6713 1396 5556 714 5389 940 3491
15 7188 6662 1228 4196 3200 9382 4017 5553 4051 5820 3019 4896 8724 702 6051
13 1332 9191 2992 9654 4028 7883 6119 2119 8303 756 9552 6569 4531
7 4475 5818 2736 4808 9773 4315 9714
19 7064 4703 9947 6710 5888 9289 1977 5422 1232 2661 9234 1062 9346 3720 5897 5623 9909 2786 9215
23 8213 989 7874 5719 1729 6638 4639 4709 4068 8150 1394 2837 6444 6655 3161 3548 7526 2249 6828 5024 6096 302 758
6 6912 196 7525 9221 8814 1339
35 8787 8302 1406 1852 2626 4630 3510 1508 9872 225 9761 8403 1355 708 4371 2667 6082 7169 6163 6932 5451 7592 281 5959 9420 8027 6926 1034 4881 8845 6675 331 4252 8340 2337
32 3697 9556 8440 3875 2440 656 8128 1647 9576 1511 6956 4119 1799 4111 5486 1424 3992 9919 8906 4144 3777 7721 45 2569 6524 8634 5588 6022 5974 9058 6933 8717
7 4536 3424 1601 9042 4957 8173 5441
31 6656 9820 2942 4537 9830 5663 3114 3325 9819 5170 3759 9604 2527 9566 3798 8500 9438 1197 2374 5073 3714 7125 4715 5747 829 3318 1089 5275 44 8276 7813
